2022-10-16 16:23:57,096 [Worker-2: Loading available Gradle versions] INFO  o.e.b.c.i.u.g.PublishedGradleVersions - Gradle version information cache is up-to-date. Trying to read.
2022-11-16 21:19:36,522 [Worker-6: Loading available Gradle versions] INFO  o.e.b.c.i.u.g.PublishedGradleVersions - Gradle version information cache is up-to-date. Trying to read.
2022-11-16 21:54:38,554 [Worker-5: Loading available Gradle versions] INFO  o.e.b.c.i.u.g.PublishedGradleVersions - Gradle version information cache is up-to-date. Trying to read.
2022-11-16 21:55:02,759 [Worker-19: Importing Maven projects] INFO  o.e.m.c.i.l.LifecycleMappingFactory - Using org.eclipse.m2e.jdt.JarLifecycleMapping lifecycle mapping for MavenProject: com.example:demo:0.0.1-SNAPSHOT @ C:\Users\DELL\Downloads\demo\pom.xml.
2022-11-16 21:55:03,448 [Worker-19: Importing Maven projects] INFO  o.e.m.j.i.AbstractJavaProjectConfigurator - Adding source folder /demo/src/main/java
2022-11-16 21:55:03,449 [Worker-19: Importing Maven projects] INFO  o.e.m.j.i.AbstractJavaProjectConfigurator - Adding resource folder /demo/src/main/resources
2022-11-16 21:55:03,450 [Worker-19: Importing Maven projects] INFO  o.e.m.j.i.AbstractJavaProjectConfigurator - Adding resource folder /demo/src/main/resources
2022-11-16 21:55:03,451 [Worker-19: Importing Maven projects] INFO  o.e.m.j.i.AbstractJavaProjectConfigurator - Adding source folder /demo/src/test/java
2022-11-16 21:55:03,910 [Worker-19: Importing Maven projects] ERROR o.e.m2e.jdt.internal.ModuleSupport - zip END header not found
java.util.zip.ZipException: zip END header not found
	at java.base/java.util.zip.ZipFile$Source.findEND(ZipFile.java:1469) ~[na:na]
	at java.base/java.util.zip.ZipFile$Source.initCEN(ZipFile.java:1477) ~[na:na]
	at java.base/java.util.zip.ZipFile$Source.<init>(ZipFile.java:1315) ~[na:na]
	at java.base/java.util.zip.ZipFile$Source.get(ZipFile.java:1277) ~[na:na]
	at java.base/java.util.zip.ZipFile$CleanableResource.<init>(ZipFile.java:709) ~[na:na]
	at java.base/java.util.zip.ZipFile.<init>(ZipFile.java:243) ~[na:na]
	at java.base/java.util.zip.ZipFile.<init>(ZipFile.java:172) ~[na:na]
	at java.base/java.util.jar.JarFile.<init>(JarFile.java:347) ~[na:na]
	at java.base/java.util.jar.JarFile.<init>(JarFile.java:318) ~[na:na]
	at java.base/java.util.jar.JarFile.<init>(JarFile.java:298) ~[na:na]
	at org.eclipse.m2e.jdt.internal.ModuleSupport.getModuleInfo(ModuleSupport.java:241) ~[na:na]
	at org.eclipse.m2e.jdt.internal.ModuleSupport.getModuleInfo(ModuleSupport.java:203) ~[na:na]
	at org.eclipse.m2e.jdt.internal.ModuleSupport.configureClasspath(ModuleSupport.java:134) ~[na:na]
	at org.eclipse.m2e.jdt.internal.AbstractJavaProjectConfigurator.configureClasspath(AbstractJavaProjectConfigurator.java:1012) ~[na:na]
	at org.eclipse.m2e.jdt.internal.DefaultClasspathManagerDelegate.populateClasspath(DefaultClasspathManagerDelegate.java:68) ~[na:na]
	at org.eclipse.m2e.jdt.internal.BuildPathManager.getClasspath(BuildPathManager.java:242) ~[na:na]
	at org.eclipse.m2e.jdt.internal.BuildPathManager.getClasspath(BuildPathManager.java:363) ~[na:na]
	at org.eclipse.m2e.jdt.internal.BuildPathManager.getClasspath(BuildPathManager.java:345) ~[na:na]
	at org.eclipse.m2e.jdt.internal.BuildPathManager.getClasspath(BuildPathManager.java:371) ~[na:na]
	at org.eclipse.m2e.jdt.internal.BuildPathManager.updateClasspath(BuildPathManager.java:202) ~[na:na]
	at org.eclipse.m2e.jdt.internal.AbstractJavaProjectConfigurator.configure(AbstractJavaProjectConfigurator.java:198) ~[na:na]
	at org.eclipse.m2e.core.project.configurator.AbstractLifecycleMapping.configure(AbstractLifecycleMapping.java:125) ~[na:na]
	at org.eclipse.m2e.core.internal.project.ProjectConfigurationManager.lambda$6(ProjectConfigurationManager.java:475) ~[na:na]
	at org.eclipse.m2e.core.internal.embedder.MavenExecutionContext.executeBare(MavenExecutionContext.java:350) ~[na:na]
	at org.eclipse.m2e.core.internal.embedder.MavenExecutionContext.execute(MavenExecutionContext.java:262) ~[na:na]
	at org.eclipse.m2e.core.internal.project.ProjectConfigurationManager.updateProjectConfiguration(ProjectConfigurationManager.java:469) ~[na:na]
	at org.eclipse.m2e.core.internal.project.ProjectConfigurationManager.configureNewMavenProjects(ProjectConfigurationManager.java:278) ~[na:na]
	at org.eclipse.m2e.core.internal.project.ProjectConfigurationManager.lambda$1(ProjectConfigurationManager.java:165) ~[na:na]
	at org.eclipse.m2e.core.internal.embedder.MavenExecutionContext.executeBare(MavenExecutionContext.java:350) ~[na:na]
	at org.eclipse.m2e.core.internal.embedder.MavenExecutionContext.execute(MavenExecutionContext.java:262) ~[na:na]
	at org.eclipse.m2e.core.internal.embedder.MavenExecutionContext.execute(MavenExecutionContext.java:205) ~[na:na]
	at org.eclipse.m2e.core.internal.project.ProjectConfigurationManager.importProjects(ProjectConfigurationManager.java:138) ~[na:na]
	at org.eclipse.m2e.core.ui.internal.wizards.ImportMavenProjectsJob$1.doCreateMavenProjects(ImportMavenProjectsJob.java:70) ~[org.eclipse.m2e.core.ui_2.0.0.20220726-0935.jar:na]
	at org.eclipse.m2e.core.ui.internal.wizards.AbstractCreateMavenProjectsOperation.run(AbstractCreateMavenProjectsOperation.java:57) ~[org.eclipse.m2e.core.ui_2.0.0.20220726-0935.jar:na]
	at org.eclipse.m2e.core.ui.internal.wizards.ImportMavenProjectsJob.runInWorkspace(ImportMavenProjectsJob.java:79) ~[org.eclipse.m2e.core.ui_2.0.0.20220726-0935.jar:na]
	at org.eclipse.core.internal.resources.InternalWorkspaceJob.run(InternalWorkspaceJob.java:43) ~[na:na]
	at org.eclipse.core.internal.jobs.Worker.run(Worker.java:63) ~[org.eclipse.core.jobs_3.13.100.v20220817-1539.jar:na]
2022-11-16 21:55:03,925 [Worker-19: Importing Maven projects] ERROR o.e.m2e.jdt.internal.ModuleSupport - zip END header not found
java.util.zip.ZipException: zip END header not found
	at java.base/java.util.zip.ZipFile$Source.findEND(ZipFile.java:1469) ~[na:na]
	at java.base/java.util.zip.ZipFile$Source.initCEN(ZipFile.java:1477) ~[na:na]
	at java.base/java.util.zip.ZipFile$Source.<init>(ZipFile.java:1315) ~[na:na]
	at java.base/java.util.zip.ZipFile$Source.get(ZipFile.java:1277) ~[na:na]
	at java.base/java.util.zip.ZipFile$CleanableResource.<init>(ZipFile.java:709) ~[na:na]
	at java.base/java.util.zip.ZipFile.<init>(ZipFile.java:243) ~[na:na]
	at java.base/java.util.zip.ZipFile.<init>(ZipFile.java:172) ~[na:na]
	at java.base/java.util.jar.JarFile.<init>(JarFile.java:347) ~[na:na]
	at java.base/java.util.jar.JarFile.<init>(JarFile.java:318) ~[na:na]
	at java.base/java.util.jar.JarFile.<init>(JarFile.java:298) ~[na:na]
	at org.eclipse.m2e.jdt.internal.ModuleSupport.getModuleInfo(ModuleSupport.java:241) ~[na:na]
	at org.eclipse.m2e.jdt.internal.ModuleSupport.getModuleInfo(ModuleSupport.java:203) ~[na:na]
	at org.eclipse.m2e.jdt.internal.ModuleSupport.configureClasspath(ModuleSupport.java:134) ~[na:na]
	at org.eclipse.m2e.jdt.internal.AbstractJavaProjectConfigurator.configureClasspath(AbstractJavaProjectConfigurator.java:1012) ~[na:na]
	at org.eclipse.m2e.jdt.internal.DefaultClasspathManagerDelegate.populateClasspath(DefaultClasspathManagerDelegate.java:68) ~[na:na]
	at org.eclipse.m2e.jdt.internal.BuildPathManager.getClasspath(BuildPathManager.java:242) ~[na:na]
	at org.eclipse.m2e.jdt.internal.BuildPathManager.getClasspath(BuildPathManager.java:363) ~[na:na]
	at org.eclipse.m2e.jdt.internal.BuildPathManager.getClasspath(BuildPathManager.java:345) ~[na:na]
	at org.eclipse.m2e.jdt.internal.BuildPathManager.getClasspath(BuildPathManager.java:371) ~[na:na]
	at org.eclipse.m2e.jdt.internal.BuildPathManager.updateClasspath(BuildPathManager.java:202) ~[na:na]
	at org.eclipse.m2e.jdt.internal.AbstractJavaProjectConfigurator.configure(AbstractJavaProjectConfigurator.java:198) ~[na:na]
	at org.eclipse.m2e.core.project.configurator.AbstractLifecycleMapping.configure(AbstractLifecycleMapping.java:125) ~[na:na]
	at org.eclipse.m2e.core.internal.project.ProjectConfigurationManager.lambda$6(ProjectConfigurationManager.java:475) ~[na:na]
	at org.eclipse.m2e.core.internal.embedder.MavenExecutionContext.executeBare(MavenExecutionContext.java:350) ~[na:na]
	at org.eclipse.m2e.core.internal.embedder.MavenExecutionContext.execute(MavenExecutionContext.java:262) ~[na:na]
	at org.eclipse.m2e.core.internal.project.ProjectConfigurationManager.updateProjectConfiguration(ProjectConfigurationManager.java:469) ~[na:na]
	at org.eclipse.m2e.core.internal.project.ProjectConfigurationManager.configureNewMavenProjects(ProjectConfigurationManager.java:278) ~[na:na]
	at org.eclipse.m2e.core.internal.project.ProjectConfigurationManager.lambda$1(ProjectConfigurationManager.java:165) ~[na:na]
	at org.eclipse.m2e.core.internal.embedder.MavenExecutionContext.executeBare(MavenExecutionContext.java:350) ~[na:na]
	at org.eclipse.m2e.core.internal.embedder.MavenExecutionContext.execute(MavenExecutionContext.java:262) ~[na:na]
	at org.eclipse.m2e.core.internal.embedder.MavenExecutionContext.execute(MavenExecutionContext.java:205) ~[na:na]
	at org.eclipse.m2e.core.internal.project.ProjectConfigurationManager.importProjects(ProjectConfigurationManager.java:138) ~[na:na]
	at org.eclipse.m2e.core.ui.internal.wizards.ImportMavenProjectsJob$1.doCreateMavenProjects(ImportMavenProjectsJob.java:70) ~[org.eclipse.m2e.core.ui_2.0.0.20220726-0935.jar:na]
	at org.eclipse.m2e.core.ui.internal.wizards.AbstractCreateMavenProjectsOperation.run(AbstractCreateMavenProjectsOperation.java:57) ~[org.eclipse.m2e.core.ui_2.0.0.20220726-0935.jar:na]
	at org.eclipse.m2e.core.ui.internal.wizards.ImportMavenProjectsJob.runInWorkspace(ImportMavenProjectsJob.java:79) ~[org.eclipse.m2e.core.ui_2.0.0.20220726-0935.jar:na]
	at org.eclipse.core.internal.resources.InternalWorkspaceJob.run(InternalWorkspaceJob.java:43) ~[na:na]
	at org.eclipse.core.internal.jobs.Worker.run(Worker.java:63) ~[org.eclipse.core.jobs_3.13.100.v20220817-1539.jar:na]
2022-11-16 21:55:04,126 [Worker-19: Importing Maven projects] INFO  o.e.m.c.i.p.ProjectConfigurationManager - Imported and configured 1 project(s) in 2 sec
2022-11-16 21:55:04,714 [Worker-13: Building] INFO  o.e.m.c.i.embedder.EclipseLogger - Using 'UTF-8' encoding to copy filtered resources.
2022-11-16 21:55:04,714 [Worker-13: Building] INFO  o.e.m.c.i.embedder.EclipseLogger - Using 'UTF-8' encoding to copy filtered properties files.
2022-11-16 21:55:04,718 [Worker-13: Building] INFO  o.e.m.c.i.embedder.EclipseLogger - Copying 1 resource
2022-11-16 21:55:04,752 [Worker-13: Building] INFO  o.e.m.c.i.embedder.EclipseLogger - Copying 0 resource
2022-11-16 21:55:04,758 [Worker-13: Building] INFO  o.e.m.c.i.embedder.EclipseLogger - Using 'UTF-8' encoding to copy filtered resources.
2022-11-16 21:55:04,758 [Worker-13: Building] INFO  o.e.m.c.i.embedder.EclipseLogger - Using 'UTF-8' encoding to copy filtered properties files.
2022-11-16 21:55:04,758 [Worker-13: Building] INFO  o.e.m.c.i.embedder.EclipseLogger - skip non existing resourceDirectory C:\Users\DELL\Downloads\demo\src\test\resources
